{
  "RSpec": {
    "coverage": {
    },
    "timestamp": 1670030493
  },
  "Cucumber Features": {
    "coverage": {
      "/mnt/c/Users/annac/OneDrive/Documents/SeniorYear/COSC415/project/New folder/diningApplication/app/models/user.rb": {
        "lines": [
          1,
          null,
          null,
          1,
          null,
          null,
          null,
          1,
          0,
          0,
          null,
          0,
          0,
          null,
          null,
          null,
          null,
          0,
          null,
          null
        ]
      },
      "/mnt/c/Users/annac/OneDrive/Documents/SeniorYear/COSC415/project/New folder/diningApplication/app/models/application_record.rb": {
        "lines": [
          1,
          1,
          null
        ]
      }
    },
    "timestamp": 1670265034
  }
}
